[2015-04-17 19:15:16] INFO  WEBrick 1.3.1
[2015-04-17 19:15:16] INFO  ruby 2.2.1 (2015-02-26) [x86_64-linux]
/usr/local/rvm/rubies/ruby-2.2.1/lib/ruby/2.2.0/socket.rb:206:in `bind': Address already in use - bind(2) for 0.0.0.0:80 (Errno::EADDRINUSE)
	from /usr/local/rvm/rubies/ruby-2.2.1/lib/ruby/2.2.0/socket.rb:206:in `listen'
	from /usr/local/rvm/rubies/ruby-2.2.1/lib/ruby/2.2.0/socket.rb:461:in `block in tcp_server_sockets'
	from /usr/local/rvm/rubies/ruby-2.2.1/lib/ruby/2.2.0/socket.rb:232:in `each'
	from /usr/local/rvm/rubies/ruby-2.2.1/lib/ruby/2.2.0/socket.rb:232:in `foreach'
	from /usr/local/rvm/rubies/ruby-2.2.1/lib/ruby/2.2.0/socket.rb:459:in `tcp_server_sockets'
	from /usr/local/rvm/rubies/ruby-2.2.1/lib/ruby/2.2.0/webrick/utils.rb:70:in `create_listeners'
	from /usr/local/rvm/rubies/ruby-2.2.1/lib/ruby/2.2.0/webrick/server.rb:133:in `listen'
	from /usr/local/rvm/rubies/ruby-2.2.1/lib/ruby/2.2.0/webrick/server.rb:114:in `initialize'
	from /usr/local/rvm/rubies/ruby-2.2.1/lib/ruby/2.2.0/webrick/httpserver.rb:45:in `initialize'
	from /usr/local/rvm/gems/ruby-2.2.1/gems/rack-1.6.0/lib/rack/handler/webrick.rb:32:in `new'
	from /usr/local/rvm/gems/ruby-2.2.1/gems/rack-1.6.0/lib/rack/handler/webrick.rb:32:in `run'
	from /usr/local/rvm/gems/ruby-2.2.1/gems/shotgun-0.9.1/bin/shotgun:162:in `<top (required)>'
	from /usr/local/rvm/gems/ruby-2.2.1/bin/shotgun:23:in `load'
	from /usr/local/rvm/gems/ruby-2.2.1/bin/shotgun:23:in `<main>'
	from /usr/local/rvm/gems/ruby-2.2.1/bin/ruby_executable_hooks:15:in `eval'
	from /usr/local/rvm/gems/ruby-2.2.1/bin/ruby_executable_hooks:15:in `<main>'
== Shotgun/WEBrick on http://0.0.0.0:80/
[2015-04-17 19:15:49] INFO  WEBrick 1.3.1
[2015-04-17 19:15:49] INFO  ruby 2.2.1 (2015-02-26) [x86_64-linux]
/usr/local/rvm/rubies/ruby-2.2.1/lib/ruby/2.2.0/socket.rb:206:in `bind': Address already in use - bind(2) for 0.0.0.0:80 (Errno::EADDRINUSE)
	from /usr/local/rvm/rubies/ruby-2.2.1/lib/ruby/2.2.0/socket.rb:206:in `listen'
	from /usr/local/rvm/rubies/ruby-2.2.1/lib/ruby/2.2.0/socket.rb:461:in `block in tcp_server_sockets'
	from /usr/local/rvm/rubies/ruby-2.2.1/lib/ruby/2.2.0/socket.rb:232:in `each'
	from /usr/local/rvm/rubies/ruby-2.2.1/lib/ruby/2.2.0/socket.rb:232:in `foreach'
	from /usr/local/rvm/rubies/ruby-2.2.1/lib/ruby/2.2.0/socket.rb:459:in `tcp_server_sockets'
	from /usr/local/rvm/rubies/ruby-2.2.1/lib/ruby/2.2.0/webrick/utils.rb:70:in `create_listeners'
	from /usr/local/rvm/rubies/ruby-2.2.1/lib/ruby/2.2.0/webrick/server.rb:133:in `listen'
	from /usr/local/rvm/rubies/ruby-2.2.1/lib/ruby/2.2.0/webrick/server.rb:114:in `initialize'
	from /usr/local/rvm/rubies/ruby-2.2.1/lib/ruby/2.2.0/webrick/httpserver.rb:45:in `initialize'
	from /usr/local/rvm/gems/ruby-2.2.1/gems/rack-1.6.0/lib/rack/handler/webrick.rb:32:in `new'
	from /usr/local/rvm/gems/ruby-2.2.1/gems/rack-1.6.0/lib/rack/handler/webrick.rb:32:in `run'
	from /usr/local/rvm/gems/ruby-2.2.1/gems/shotgun-0.9.1/bin/shotgun:162:in `<top (required)>'
	from /usr/local/rvm/gems/ruby-2.2.1/bin/shotgun:23:in `load'
	from /usr/local/rvm/gems/ruby-2.2.1/bin/shotgun:23:in `<main>'
	from /usr/local/rvm/gems/ruby-2.2.1/bin/ruby_executable_hooks:15:in `eval'
	from /usr/local/rvm/gems/ruby-2.2.1/bin/ruby_executable_hooks:15:in `<main>'
== Shotgun/WEBrick on http://0.0.0.0:80/
